20231024	17:00:03	9157a64e-345b-41c5-8e6c-b3265a4ecb1a	Error: Error	POST	/api/v1/collection?destination=%22/images/collection%22	http://localhost:3000
20231024	17:01:40	92c17ea8-2bd0-43a5-9e9f-6b290f94120d	Error: Error	POST	/api/v1/collection?destination=%22/images/collection%22	http://localhost:3000
20231024	17:01:45	759e1bf2-491c-43aa-ae58-2990967a7868	Error: Error	POST	/api/v1/collection?destination=%22/images/collection%22	http://localhost:3000
20231024	17:10:41	a9439d3a-8f1e-48f6-9454-55901db90334	Error: Error	POST	/api/v1/collection?destination=%22/images/collection/%22	http://localhost:3000
20231027	14:30:35	7a67a688-c3c7-43fe-8e39-ca58e6022419	ReplyError: ReplyError	GET	/api/v1/nft/metadata	undefined
20231027	14:31:32	c710bec2-62de-4422-8c37-07da9418e277	ReplyError: ReplyError	GET	/api/v1/nft/metadata	undefined
20231027	14:32:16	6ae57867-961c-4b52-9110-adf85a5789b9	ReplyError: ReplyError	GET	/api/v1/nft/metadata	undefined
20231027	14:32:33	abf4fda2-80ac-4888-ac26-1fec442f55cf	ReplyError: ReplyError	GET	/api/v1/nft/metadata	undefined
20231027	14:32:55	0a8cae26-98cf-492c-a285-132737271f57	ReplyError: ReplyError	POST	/api/v1/nft/metadata	undefined
20231027	14:34:10	e287c616-3be5-4b17-a7a1-e03996c0b510	ReplyError: ReplyError	POST	/api/v1/nft/metadata	undefined
20231027	14:35:44	b386cf67-2e19-4a25-8b33-efa47fb5484b	ReplyError: ReplyError	POST	/api/v1/nft/metadata	undefined
20231027	14:37:34	bd7cb997-0859-495a-9d38-ef6f30ad64c1	ReplyError: ReplyError	POST	/api/v1/nft/metadata	undefined
20231027	14:38:31	1c1090da-ad80-4ac8-8ec3-3bbc949a0952	ReplyError: ReplyError	POST	/api/v1/nft/metadata	undefined
20231027	14:42:42	a53bce9c-1fa8-4e0e-a695-294b52794f19	ReplyError: ReplyError	GET	/api/v1/nft/metadata	undefined
20231027	14:44:08	f9737ef7-85fd-4098-95ed-4679c5996c42	ReplyError: ReplyError	GET	/api/v1/nft/metadata	undefined
20231027	14:44:15	54ce31d3-7bdc-4dbb-9452-9e4c661e23a5	ReplyError: ReplyError	GET	/api/v1/nft/metadata	undefined
20231027	14:44:27	08a6dec4-38bc-416b-8b71-0a0aa8d8f93a	ReplyError: ReplyError	GET	/api/v1/nft/metadat	undefined
20231027	23:10:22	c7fda308-7288-4200-9a0d-376766abe701	ReplyError: ReplyError	POST	/api/v1/blockfrost/assets/information	undefined
20231027	23:11:51	5bfbbd00-1ac6-40d6-ad1d-afb7cbad9b0e	ReplyError: ReplyError	POST	/api/v1/blockfrost/assets/information	undefined
20231027	23:17:38	b52bde24-73b9-454c-9929-8b75e7090213	ReplyError: ReplyError	POST	/api/v1/blockfrost/assets/information	undefined
20231027	23:17:51	0d725ec2-57b8-4816-b45d-76ec4b1243d5	ReplyError: ReplyError	POST	/api/v1/blockfrost/assets/information	undefined
20231027	23:35:55	4a7cbd70-0581-4eb4-a2c8-965ce7f9967f	ReplyError: ReplyError	POST	/api/v1/blockfrost/assets/information	undefined
20231027	23:36:14	a8410436-f3c3-4934-bcdf-1493571fe527	ReplyError: ReplyError	POST	/api/v1/blockfrost/assets/information	undefined
20231027	23:45:08	804540e3-f4c6-4ab9-b9bc-d579bda64a25	ReplyError: ReplyError	POST	/api/v1/blockfrost/assets/information	undefined
